{"/Users/mandyalford/turing/mod4/projects/runbelievable-fe/App.js": {"path":"/Users/mandyalford/turing/mod4/projects/runbelievable-fe/App.js","statementMap":{"0":{"start":{"line":15,"column":21},"end":{"line":18,"column":2}},"1":{"start":{"line":20,"column":14},"end":{"line":20,"column":36}},"2":{"start":{"line":23,"column":2},"end":{"line":38,"column":4}}},"fnMap":{"0":{"name":"App","decl":{"start":{"line":22,"column":24},"end":{"line":22,"column":27}},"loc":{"start":{"line":22,"column":30},"end":{"line":39,"column":1}},"line":22}},"branchMap":{},"s":{"0":1,"1":1,"2":0},"f":{"0":0},"b":{},"_coverageSchema":"1a1c01bbd47fc00a2c39e90264f33305004495a9","hash":"cd8b299717409db3ebe55ef7acc32be902f2b0e5"}
,"/Users/mandyalford/turing/mod4/projects/runbelievable-fe/apiCalls.js": {"path":"/Users/mandyalford/turing/mod4/projects/runbelievable-fe/apiCalls.js","statementMap":{"0":{"start":{"line":1,"column":26},"end":{"line":4,"column":1}},"1":{"start":{"line":2,"column":2},"end":{"line":3,"column":38}},"2":{"start":{"line":3,"column":22},"end":{"line":3,"column":37}},"3":{"start":{"line":6,"column":28},"end":{"line":15,"column":1}},"4":{"start":{"line":7,"column":2},"end":{"line":14,"column":4}},"5":{"start":{"line":17,"column":29},"end":{"line":20,"column":1}},"6":{"start":{"line":18,"column":2},"end":{"line":19,"column":38}},"7":{"start":{"line":19,"column":22},"end":{"line":19,"column":37}},"8":{"start":{"line":22,"column":31},"end":{"line":25,"column":1}},"9":{"start":{"line":23,"column":2},"end":{"line":24,"column":38}},"10":{"start":{"line":24,"column":22},"end":{"line":24,"column":37}},"11":{"start":{"line":27,"column":26},"end":{"line":29,"column":1}},"12":{"start":{"line":28,"column":2},"end":{"line":28,"column":60}},"13":{"start":{"line":31,"column":38},"end":{"line":33,"column":1}},"14":{"start":{"line":32,"column":2},"end":{"line":32,"column":108}},"15":{"start":{"line":35,"column":41},"end":{"line":50,"column":1}},"16":{"start":{"line":36,"column":2},"end":{"line":49,"column":42}},"17":{"start":{"line":49,"column":20},"end":{"line":49,"column":41}}},"fnMap":{"0":{"name":"(anonymous_0)","decl":{"start":{"line":1,"column":26},"end":{"line":1,"column":27}},"loc":{"start":{"line":1,"column":34},"end":{"line":4,"column":1}},"line":1},"1":{"name":"(anonymous_1)","decl":{"start":{"line":3,"column":10},"end":{"line":3,"column":11}},"loc":{"start":{"line":3,"column":22},"end":{"line":3,"column":37}},"line":3},"2":{"name":"(anonymous_2)","decl":{"start":{"line":6,"column":28},"end":{"line":6,"column":29}},"loc":{"start":{"line":6,"column":45},"end":{"line":15,"column":1}},"line":6},"3":{"name":"(anonymous_3)","decl":{"start":{"line":17,"column":29},"end":{"line":17,"column":30}},"loc":{"start":{"line":17,"column":37},"end":{"line":20,"column":1}},"line":17},"4":{"name":"(anonymous_4)","decl":{"start":{"line":19,"column":10},"end":{"line":19,"column":11}},"loc":{"start":{"line":19,"column":22},"end":{"line":19,"column":37}},"line":19},"5":{"name":"(anonymous_5)","decl":{"start":{"line":22,"column":31},"end":{"line":22,"column":32}},"loc":{"start":{"line":22,"column":39},"end":{"line":25,"column":1}},"line":22},"6":{"name":"(anonymous_6)","decl":{"start":{"line":24,"column":10},"end":{"line":24,"column":11}},"loc":{"start":{"line":24,"column":22},"end":{"line":24,"column":37}},"line":24},"7":{"name":"(anonymous_7)","decl":{"start":{"line":27,"column":26},"end":{"line":27,"column":27}},"loc":{"start":{"line":27,"column":32},"end":{"line":29,"column":1}},"line":27},"8":{"name":"(anonymous_8)","decl":{"start":{"line":31,"column":38},"end":{"line":31,"column":39}},"loc":{"start":{"line":31,"column":65},"end":{"line":33,"column":1}},"line":31},"9":{"name":"(anonymous_9)","decl":{"start":{"line":35,"column":41},"end":{"line":35,"column":42}},"loc":{"start":{"line":35,"column":84},"end":{"line":50,"column":1}},"line":35},"10":{"name":"(anonymous_10)","decl":{"start":{"line":49,"column":8},"end":{"line":49,"column":9}},"loc":{"start":{"line":49,"column":20},"end":{"line":49,"column":41}},"line":49}},"branchMap":{},"s":{"0":4,"1":0,"2":0,"3":4,"4":0,"5":4,"6":0,"7":0,"8":4,"9":0,"10":0,"11":4,"12":0,"13":4,"14":0,"15":4,"16":0,"17":0},"f":{"0":0,"1":0,"2":0,"3":0,"4":0,"5":0,"6":0,"7":0,"8":0,"9":0,"10":0},"b":{},"_coverageSchema":"1a1c01bbd47fc00a2c39e90264f33305004495a9","hash":"10470e5a21e83a68f53cc01ffa588121571e45b9"}
,"/Users/mandyalford/turing/mod4/projects/runbelievable-fe/components/Buddies.js": {"path":"/Users/mandyalford/turing/mod4/projects/runbelievable-fe/components/Buddies.js","statementMap":{"0":{"start":{"line":10,"column":2},"end":{"line":21,"column":4}},"1":{"start":{"line":11,"column":38},"end":{"line":14,"column":7}},"2":{"start":{"line":25,"column":10},"end":{"line":27,"column":3}},"3":{"start":{"line":30,"column":22},"end":{"line":30,"column":52}},"4":{"start":{"line":31,"column":4},"end":{"line":33,"column":41}},"5":{"start":{"line":32,"column":27},"end":{"line":32,"column":75}},"6":{"start":{"line":33,"column":22},"end":{"line":33,"column":40}},"7":{"start":{"line":36,"column":12},"end":{"line":38,"column":3}},"8":{"start":{"line":37,"column":4},"end":{"line":37,"column":33}},"9":{"start":{"line":41,"column":4},"end":{"line":61,"column":5}},"10":{"start":{"line":49,"column":12},"end":{"line":57,"column":14}},"11":{"start":{"line":58,"column":36},"end":{"line":58,"column":56}},"12":{"start":{"line":66,"column":15},"end":{"line":91,"column":2}}},"fnMap":{"0":{"name":"Runner","decl":{"start":{"line":9,"column":9},"end":{"line":9,"column":15}},"loc":{"start":{"line":9,"column":73},"end":{"line":22,"column":1}},"line":9},"1":{"name":"(anonymous_1)","decl":{"start":{"line":11,"column":32},"end":{"line":11,"column":33}},"loc":{"start":{"line":11,"column":38},"end":{"line":14,"column":7}},"line":11},"2":{"name":"(anonymous_2)","decl":{"start":{"line":29,"column":2},"end":{"line":29,"column":3}},"loc":{"start":{"line":29,"column":22},"end":{"line":34,"column":3}},"line":29},"3":{"name":"(anonymous_3)","decl":{"start":{"line":32,"column":12},"end":{"line":32,"column":13}},"loc":{"start":{"line":32,"column":27},"end":{"line":32,"column":75}},"line":32},"4":{"name":"(anonymous_4)","decl":{"start":{"line":33,"column":13},"end":{"line":33,"column":14}},"loc":{"start":{"line":33,"column":22},"end":{"line":33,"column":40}},"line":33},"5":{"name":"(anonymous_5)","decl":{"start":{"line":36,"column":12},"end":{"line":36,"column":13}},"loc":{"start":{"line":36,"column":18},"end":{"line":38,"column":3}},"line":36},"6":{"name":"(anonymous_6)","decl":{"start":{"line":40,"column":2},"end":{"line":40,"column":3}},"loc":{"start":{"line":40,"column":11},"end":{"line":62,"column":3}},"line":40},"7":{"name":"(anonymous_7)","decl":{"start":{"line":48,"column":24},"end":{"line":48,"column":25}},"loc":{"start":{"line":49,"column":12},"end":{"line":57,"column":14}},"line":49},"8":{"name":"(anonymous_8)","decl":{"start":{"line":58,"column":26},"end":{"line":58,"column":27}},"loc":{"start":{"line":58,"column":36},"end":{"line":58,"column":56}},"line":58}},"branchMap":{},"s":{"0":3,"1":0,"2":1,"3":1,"4":1,"5":1,"6":0,"7":1,"8":0,"9":2,"10":3,"11":3,"12":2},"f":{"0":3,"1":0,"2":1,"3":1,"4":0,"5":0,"6":2,"7":3,"8":3},"b":{},"_coverageSchema":"1a1c01bbd47fc00a2c39e90264f33305004495a9","hash":"1eb62e6529168826647b42c776e117f17d1ffedc"}
,"/Users/mandyalford/turing/mod4/projects/runbelievable-fe/components/Buddy.js": {"path":"/Users/mandyalford/turing/mod4/projects/runbelievable-fe/components/Buddy.js","statementMap":{"0":{"start":{"line":9,"column":2},"end":{"line":9,"column":39}},"1":{"start":{"line":10,"column":2},"end":{"line":10,"column":29}},"2":{"start":{"line":11,"column":2},"end":{"line":33,"column":3}},"3":{"start":{"line":28,"column":22},"end":{"line":31,"column":8}},"4":{"start":{"line":36,"column":15},"end":{"line":51,"column":2}}},"fnMap":{"0":{"name":"Buddy","decl":{"start":{"line":8,"column":24},"end":{"line":8,"column":29}},"loc":{"start":{"line":8,"column":51},"end":{"line":34,"column":1}},"line":8},"1":{"name":"(anonymous_1)","decl":{"start":{"line":28,"column":15},"end":{"line":28,"column":16}},"loc":{"start":{"line":28,"column":21},"end":{"line":31,"column":9}},"line":28}},"branchMap":{},"s":{"0":1,"1":1,"2":1,"3":0,"4":2},"f":{"0":1,"1":0},"b":{},"_coverageSchema":"1a1c01bbd47fc00a2c39e90264f33305004495a9","hash":"e1c5f0cbecbf9ba71da85b98209fe4577fe9ca78"}
,"/Users/mandyalford/turing/mod4/projects/runbelievable-fe/components/Chat.js": {"path":"/Users/mandyalford/turing/mod4/projects/runbelievable-fe/components/Chat.js","statementMap":{"0":{"start":{"line":11,"column":10},"end":{"line":14,"column":5}},"1":{"start":{"line":17,"column":4},"end":{"line":30,"column":62}},"2":{"start":{"line":18,"column":24},"end":{"line":18,"column":39}},"3":{"start":{"line":19,"column":20},"end":{"line":29,"column":8}},"4":{"start":{"line":20,"column":8},"end":{"line":28,"column":9}},"5":{"start":{"line":30,"column":20},"end":{"line":30,"column":61}},"6":{"start":{"line":34,"column":6},"end":{"line":35,"column":53}},"7":{"start":{"line":35,"column":24},"end":{"line":35,"column":52}},"8":{"start":{"line":37,"column":6},"end":{"line":39,"column":9}},"9":{"start":{"line":37,"column":38},"end":{"line":39,"column":7}},"10":{"start":{"line":43,"column":6},"end":{"line":63,"column":7}},"11":{"start":{"line":54,"column":14},"end":{"line":54,"column":56}},"12":{"start":{"line":57,"column":32},"end":{"line":57,"column":53}},"13":{"start":{"line":68,"column":15},"end":{"line":68,"column":17}},"14":{"start":{"line":70,"column":15},"end":{"line":85,"column":2}}},"fnMap":{"0":{"name":"(anonymous_0)","decl":{"start":{"line":16,"column":2},"end":{"line":16,"column":3}},"loc":{"start":{"line":16,"column":22},"end":{"line":31,"column":5}},"line":16},"1":{"name":"(anonymous_1)","decl":{"start":{"line":18,"column":12},"end":{"line":18,"column":13}},"loc":{"start":{"line":18,"column":24},"end":{"line":18,"column":39}},"line":18},"2":{"name":"(anonymous_2)","decl":{"start":{"line":19,"column":12},"end":{"line":19,"column":13}},"loc":{"start":{"line":19,"column":20},"end":{"line":29,"column":8}},"line":19},"3":{"name":"(anonymous_3)","decl":{"start":{"line":19,"column":34},"end":{"line":19,"column":35}},"loc":{"start":{"line":19,"column":45},"end":{"line":29,"column":7}},"line":19},"4":{"name":"(anonymous_4)","decl":{"start":{"line":30,"column":12},"end":{"line":30,"column":13}},"loc":{"start":{"line":30,"column":20},"end":{"line":30,"column":61}},"line":30},"5":{"name":"(anonymous_5)","decl":{"start":{"line":33,"column":4},"end":{"line":33,"column":5}},"loc":{"start":{"line":33,"column":26},"end":{"line":40,"column":5}},"line":33},"6":{"name":"(anonymous_6)","decl":{"start":{"line":35,"column":12},"end":{"line":35,"column":13}},"loc":{"start":{"line":35,"column":24},"end":{"line":35,"column":52}},"line":35},"7":{"name":"(anonymous_7)","decl":{"start":{"line":37,"column":20},"end":{"line":37,"column":21}},"loc":{"start":{"line":37,"column":38},"end":{"line":39,"column":7}},"line":37},"8":{"name":"(anonymous_8)","decl":{"start":{"line":42,"column":4},"end":{"line":42,"column":5}},"loc":{"start":{"line":42,"column":13},"end":{"line":64,"column":5}},"line":42},"9":{"name":"(anonymous_9)","decl":{"start":{"line":53,"column":32},"end":{"line":53,"column":33}},"loc":{"start":{"line":53,"column":45},"end":{"line":55,"column":13}},"line":53},"10":{"name":"(anonymous_10)","decl":{"start":{"line":57,"column":20},"end":{"line":57,"column":21}},"loc":{"start":{"line":57,"column":32},"end":{"line":57,"column":53}},"line":57}},"branchMap":{"0":{"loc":{"start":{"line":33,"column":11},"end":{"line":33,"column":24}},"type":"default-arg","locations":[{"start":{"line":33,"column":22},"end":{"line":33,"column":24}}],"line":33}},"s":{"0":0,"1":0,"2":0,"3":0,"4":0,"5":0,"6":0,"7":0,"8":0,"9":0,"10":0,"11":0,"12":0,"13":1,"14":1},"f":{"0":0,"1":0,"2":0,"3":0,"4":0,"5":0,"6":0,"7":0,"8":0,"9":0,"10":0},"b":{"0":[0]},"_coverageSchema":"1a1c01bbd47fc00a2c39e90264f33305004495a9","hash":"f7de96756d8d8d8771cd9c4f1402cf40b7de43c3"}
,"/Users/mandyalford/turing/mod4/projects/runbelievable-fe/components/CustomButton.js": {"path":"/Users/mandyalford/turing/mod4/projects/runbelievable-fe/components/CustomButton.js","statementMap":{"0":{"start":{"line":4,"column":21},"end":{"line":14,"column":1}},"1":{"start":{"line":5,"column":2},"end":{"line":13,"column":3}},"2":{"start":{"line":16,"column":15},"end":{"line":28,"column":2}}},"fnMap":{"0":{"name":"(anonymous_0)","decl":{"start":{"line":4,"column":21},"end":{"line":4,"column":22}},"loc":{"start":{"line":4,"column":30},"end":{"line":14,"column":1}},"line":4}},"branchMap":{},"s":{"0":2,"1":1,"2":2},"f":{"0":1},"b":{},"_coverageSchema":"1a1c01bbd47fc00a2c39e90264f33305004495a9","hash":"7e57d8b3cabc4883298460238511081fd5c75faa"}
,"/Users/mandyalford/turing/mod4/projects/runbelievable-fe/components/Header.js": {"path":"/Users/mandyalford/turing/mod4/projects/runbelievable-fe/components/Header.js","statementMap":{"0":{"start":{"line":8,"column":2},"end":{"line":8,"column":31}},"1":{"start":{"line":9,"column":2},"end":{"line":37,"column":4}},"2":{"start":{"line":15,"column":21},"end":{"line":17,"column":8}},"3":{"start":{"line":23,"column":21},"end":{"line":25,"column":8}},"4":{"start":{"line":32,"column":8},"end":{"line":32,"column":20}},"5":{"start":{"line":33,"column":8},"end":{"line":33,"column":39}},"6":{"start":{"line":40,"column":15},"end":{"line":51,"column":2}}},"fnMap":{"0":{"name":"Header","decl":{"start":{"line":7,"column":24},"end":{"line":7,"column":30}},"loc":{"start":{"line":7,"column":53},"end":{"line":38,"column":1}},"line":7},"1":{"name":"(anonymous_1)","decl":{"start":{"line":15,"column":15},"end":{"line":15,"column":16}},"loc":{"start":{"line":15,"column":21},"end":{"line":17,"column":8}},"line":15},"2":{"name":"(anonymous_2)","decl":{"start":{"line":23,"column":15},"end":{"line":23,"column":16}},"loc":{"start":{"line":23,"column":21},"end":{"line":25,"column":8}},"line":23},"3":{"name":"(anonymous_3)","decl":{"start":{"line":31,"column":15},"end":{"line":31,"column":16}},"loc":{"start":{"line":31,"column":21},"end":{"line":34,"column":7}},"line":31}},"branchMap":{},"s":{"0":3,"1":3,"2":0,"3":0,"4":0,"5":0,"6":3},"f":{"0":3,"1":0,"2":0,"3":0},"b":{},"_coverageSchema":"1a1c01bbd47fc00a2c39e90264f33305004495a9","hash":"442d878ffd3ddf2e52ba1cf724450df0c08222e6"}
,"/Users/mandyalford/turing/mod4/projects/runbelievable-fe/components/Homepage.js": {"path":"/Users/mandyalford/turing/mod4/projects/runbelievable-fe/components/Homepage.js","statementMap":{"0":{"start":{"line":9,"column":2},"end":{"line":27,"column":3}},"1":{"start":{"line":17,"column":21},"end":{"line":17,"column":49}},"2":{"start":{"line":23,"column":23},"end":{"line":23,"column":52}},"3":{"start":{"line":30,"column":15},"end":{"line":50,"column":2}}},"fnMap":{"0":{"name":"Homepage","decl":{"start":{"line":8,"column":24},"end":{"line":8,"column":32}},"loc":{"start":{"line":8,"column":47},"end":{"line":28,"column":1}},"line":8},"1":{"name":"(anonymous_1)","decl":{"start":{"line":17,"column":15},"end":{"line":17,"column":16}},"loc":{"start":{"line":17,"column":21},"end":{"line":17,"column":49}},"line":17},"2":{"name":"(anonymous_2)","decl":{"start":{"line":23,"column":17},"end":{"line":23,"column":18}},"loc":{"start":{"line":23,"column":23},"end":{"line":23,"column":52}},"line":23}},"branchMap":{},"s":{"0":0,"1":0,"2":0,"3":1},"f":{"0":0,"1":0,"2":0},"b":{},"_coverageSchema":"1a1c01bbd47fc00a2c39e90264f33305004495a9","hash":"fd22eba61f1f8802d43b0218e22cfa0e16f5da64"}
,"/Users/mandyalford/turing/mod4/projects/runbelievable-fe/components/Login.js": {"path":"/Users/mandyalford/turing/mod4/projects/runbelievable-fe/components/Login.js","statementMap":{"0":{"start":{"line":9,"column":12},"end":{"line":14,"column":5}},"1":{"start":{"line":17,"column":4},"end":{"line":22,"column":5}},"2":{"start":{"line":18,"column":6},"end":{"line":18,"column":76}},"3":{"start":{"line":20,"column":6},"end":{"line":20,"column":29}},"4":{"start":{"line":21,"column":6},"end":{"line":21,"column":51}},"5":{"start":{"line":26,"column":6},"end":{"line":39,"column":41}},"6":{"start":{"line":28,"column":8},"end":{"line":37,"column":9}},"7":{"start":{"line":29,"column":25},"end":{"line":34,"column":13}},"8":{"start":{"line":29,"column":54},"end":{"line":34,"column":12}},"9":{"start":{"line":30,"column":12},"end":{"line":30,"column":47}},"10":{"start":{"line":31,"column":12},"end":{"line":33,"column":14}},"11":{"start":{"line":36,"column":10},"end":{"line":36,"column":77}},"12":{"start":{"line":39,"column":22},"end":{"line":39,"column":40}},"13":{"start":{"line":45,"column":4},"end":{"line":74,"column":11}},"14":{"start":{"line":54,"column":10},"end":{"line":54,"column":66}},"15":{"start":{"line":62,"column":10},"end":{"line":62,"column":66}},"16":{"start":{"line":72,"column":28},"end":{"line":72,"column":61}},"17":{"start":{"line":76,"column":6},"end":{"line":89,"column":7}},"18":{"start":{"line":77,"column":8},"end":{"line":82,"column":9}},"19":{"start":{"line":84,"column":8},"end":{"line":88,"column":9}},"20":{"start":{"line":93,"column":15},"end":{"line":111,"column":2}}},"fnMap":{"0":{"name":"(anonymous_0)","decl":{"start":{"line":16,"column":2},"end":{"line":16,"column":3}},"loc":{"start":{"line":16,"column":30},"end":{"line":23,"column":3}},"line":16},"1":{"name":"(anonymous_1)","decl":{"start":{"line":25,"column":2},"end":{"line":25,"column":3}},"loc":{"start":{"line":25,"column":26},"end":{"line":40,"column":3}},"line":25},"2":{"name":"(anonymous_2)","decl":{"start":{"line":27,"column":12},"end":{"line":27,"column":13}},"loc":{"start":{"line":27,"column":24},"end":{"line":38,"column":7}},"line":27},"3":{"name":"(anonymous_3)","decl":{"start":{"line":29,"column":46},"end":{"line":29,"column":47}},"loc":{"start":{"line":29,"column":54},"end":{"line":34,"column":12}},"line":29},"4":{"name":"(anonymous_4)","decl":{"start":{"line":29,"column":93},"end":{"line":29,"column":94}},"loc":{"start":{"line":29,"column":99},"end":{"line":34,"column":11}},"line":29},"5":{"name":"(anonymous_5)","decl":{"start":{"line":39,"column":13},"end":{"line":39,"column":14}},"loc":{"start":{"line":39,"column":22},"end":{"line":39,"column":40}},"line":39},"6":{"name":"(anonymous_6)","decl":{"start":{"line":43,"column":2},"end":{"line":43,"column":3}},"loc":{"start":{"line":43,"column":11},"end":{"line":90,"column":5}},"line":43},"7":{"name":"(anonymous_7)","decl":{"start":{"line":53,"column":18},"end":{"line":53,"column":19}},"loc":{"start":{"line":53,"column":25},"end":{"line":55,"column":7}},"line":53},"8":{"name":"(anonymous_8)","decl":{"start":{"line":61,"column":18},"end":{"line":61,"column":19}},"loc":{"start":{"line":61,"column":25},"end":{"line":63,"column":9}},"line":61},"9":{"name":"(anonymous_9)","decl":{"start":{"line":72,"column":17},"end":{"line":72,"column":18}},"loc":{"start":{"line":72,"column":28},"end":{"line":72,"column":61}},"line":72}},"branchMap":{"0":{"loc":{"start":{"line":17,"column":4},"end":{"line":22,"column":5}},"type":"if","locations":[{"start":{"line":17,"column":4},"end":{"line":22,"column":5}},{"start":{"line":17,"column":4},"end":{"line":22,"column":5}}],"line":17},"1":{"loc":{"start":{"line":17,"column":8},"end":{"line":17,"column":64}},"type":"binary-expr","locations":[{"start":{"line":17,"column":8},"end":{"line":17,"column":34}},{"start":{"line":17,"column":38},"end":{"line":17,"column":64}}],"line":17},"2":{"loc":{"start":{"line":28,"column":8},"end":{"line":37,"column":9}},"type":"if","locations":[{"start":{"line":28,"column":8},"end":{"line":37,"column":9}},{"start":{"line":28,"column":8},"end":{"line":37,"column":9}}],"line":28},"3":{"loc":{"start":{"line":76,"column":6},"end":{"line":89,"column":7}},"type":"if","locations":[{"start":{"line":76,"column":6},"end":{"line":89,"column":7}},{"start":{"line":76,"column":6},"end":{"line":89,"column":7}}],"line":76}},"s":{"0":1,"1":0,"2":0,"3":0,"4":0,"5":0,"6":0,"7":0,"8":0,"9":0,"10":0,"11":0,"12":0,"13":1,"14":0,"15":0,"16":0,"17":1,"18":0,"19":1,"20":2},"f":{"0":0,"1":0,"2":0,"3":0,"4":0,"5":0,"6":1,"7":0,"8":0,"9":0},"b":{"0":[0,0],"1":[0,0],"2":[0,0],"3":[0,1]},"_coverageSchema":"1a1c01bbd47fc00a2c39e90264f33305004495a9","hash":"6bddec710c6f535d6fe1812f12a009f83db0a823"}
,"/Users/mandyalford/turing/mod4/projects/runbelievable-fe/components/SearchButton.js": {"path":"/Users/mandyalford/turing/mod4/projects/runbelievable-fe/components/SearchButton.js","statementMap":{"0":{"start":{"line":4,"column":21},"end":{"line":14,"column":1}},"1":{"start":{"line":5,"column":2},"end":{"line":13,"column":3}},"2":{"start":{"line":16,"column":15},"end":{"line":31,"column":2}}},"fnMap":{"0":{"name":"(anonymous_0)","decl":{"start":{"line":4,"column":21},"end":{"line":4,"column":22}},"loc":{"start":{"line":4,"column":30},"end":{"line":14,"column":1}},"line":4}},"branchMap":{},"s":{"0":1,"1":0,"2":1},"f":{"0":0},"b":{},"_coverageSchema":"1a1c01bbd47fc00a2c39e90264f33305004495a9","hash":"8d630245ca695ca800398daad5a5faee7103de86"}
,"/Users/mandyalford/turing/mod4/projects/runbelievable-fe/components/Signup.js": {"path":"/Users/mandyalford/turing/mod4/projects/runbelievable-fe/components/Signup.js","statementMap":{"0":{"start":{"line":8,"column":12},"end":{"line":18,"column":5}},"1":{"start":{"line":21,"column":4},"end":{"line":29,"column":41}},"2":{"start":{"line":28,"column":24},"end":{"line":28,"column":52}},"3":{"start":{"line":29,"column":22},"end":{"line":29,"column":40}},"4":{"start":{"line":31,"column":4},"end":{"line":31,"column":42}},"5":{"start":{"line":35,"column":4},"end":{"line":129,"column":5}},"6":{"start":{"line":47,"column":28},"end":{"line":47,"column":75}},"7":{"start":{"line":56,"column":28},"end":{"line":56,"column":74}},"8":{"start":{"line":65,"column":28},"end":{"line":65,"column":68}},"9":{"start":{"line":74,"column":28},"end":{"line":74,"column":71}},"10":{"start":{"line":83,"column":28},"end":{"line":83,"column":81}},"11":{"start":{"line":92,"column":28},"end":{"line":92,"column":84}},"12":{"start":{"line":101,"column":28},"end":{"line":101,"column":73}},"13":{"start":{"line":110,"column":28},"end":{"line":110,"column":73}},"14":{"start":{"line":119,"column":28},"end":{"line":119,"column":73}},"15":{"start":{"line":126,"column":30},"end":{"line":126,"column":63}},"16":{"start":{"line":133,"column":15},"end":{"line":149,"column":2}}},"fnMap":{"0":{"name":"(anonymous_0)","decl":{"start":{"line":20,"column":2},"end":{"line":20,"column":3}},"loc":{"start":{"line":20,"column":30},"end":{"line":32,"column":3}},"line":20},"1":{"name":"(anonymous_1)","decl":{"start":{"line":28,"column":12},"end":{"line":28,"column":13}},"loc":{"start":{"line":28,"column":24},"end":{"line":28,"column":52}},"line":28},"2":{"name":"(anonymous_2)","decl":{"start":{"line":29,"column":13},"end":{"line":29,"column":14}},"loc":{"start":{"line":29,"column":22},"end":{"line":29,"column":40}},"line":29},"3":{"name":"(anonymous_3)","decl":{"start":{"line":34,"column":2},"end":{"line":34,"column":3}},"loc":{"start":{"line":34,"column":11},"end":{"line":130,"column":3}},"line":34},"4":{"name":"(anonymous_4)","decl":{"start":{"line":47,"column":20},"end":{"line":47,"column":21}},"loc":{"start":{"line":47,"column":27},"end":{"line":48,"column":9}},"line":47},"5":{"name":"(anonymous_5)","decl":{"start":{"line":56,"column":20},"end":{"line":56,"column":21}},"loc":{"start":{"line":56,"column":27},"end":{"line":57,"column":9}},"line":56},"6":{"name":"(anonymous_6)","decl":{"start":{"line":65,"column":20},"end":{"line":65,"column":21}},"loc":{"start":{"line":65,"column":27},"end":{"line":66,"column":9}},"line":65},"7":{"name":"(anonymous_7)","decl":{"start":{"line":74,"column":20},"end":{"line":74,"column":21}},"loc":{"start":{"line":74,"column":27},"end":{"line":75,"column":9}},"line":74},"8":{"name":"(anonymous_8)","decl":{"start":{"line":83,"column":20},"end":{"line":83,"column":21}},"loc":{"start":{"line":83,"column":27},"end":{"line":84,"column":9}},"line":83},"9":{"name":"(anonymous_9)","decl":{"start":{"line":92,"column":20},"end":{"line":92,"column":21}},"loc":{"start":{"line":92,"column":27},"end":{"line":93,"column":9}},"line":92},"10":{"name":"(anonymous_10)","decl":{"start":{"line":101,"column":20},"end":{"line":101,"column":21}},"loc":{"start":{"line":101,"column":27},"end":{"line":102,"column":9}},"line":101},"11":{"name":"(anonymous_11)","decl":{"start":{"line":110,"column":20},"end":{"line":110,"column":21}},"loc":{"start":{"line":110,"column":27},"end":{"line":111,"column":9}},"line":110},"12":{"name":"(anonymous_12)","decl":{"start":{"line":119,"column":20},"end":{"line":119,"column":21}},"loc":{"start":{"line":119,"column":27},"end":{"line":120,"column":9}},"line":119},"13":{"name":"(anonymous_13)","decl":{"start":{"line":126,"column":19},"end":{"line":126,"column":20}},"loc":{"start":{"line":126,"column":30},"end":{"line":126,"column":63}},"line":126}},"branchMap":{},"s":{"0":0,"1":0,"2":0,"3":0,"4":0,"5":0,"6":0,"7":0,"8":0,"9":0,"10":0,"11":0,"12":0,"13":0,"14":0,"15":0,"16":1},"f":{"0":0,"1":0,"2":0,"3":0,"4":0,"5":0,"6":0,"7":0,"8":0,"9":0,"10":0,"11":0,"12":0,"13":0},"b":{},"_coverageSchema":"1a1c01bbd47fc00a2c39e90264f33305004495a9","hash":"6b1cf74f040b63d3e15a3b10e864136d18f46af4"}
,"/Users/mandyalford/turing/mod4/projects/runbelievable-fe/components/Trail.js": {"path":"/Users/mandyalford/turing/mod4/projects/runbelievable-fe/components/Trail.js","statementMap":{"0":{"start":{"line":10,"column":10},"end":{"line":12,"column":3}},"1":{"start":{"line":15,"column":4},"end":{"line":15,"column":32}},"2":{"start":{"line":18,"column":26},"end":{"line":21,"column":3}},"3":{"start":{"line":19,"column":4},"end":{"line":20,"column":73}},"4":{"start":{"line":20,"column":20},"end":{"line":20,"column":72}},"5":{"start":{"line":24,"column":6},"end":{"line":47,"column":7}},"6":{"start":{"line":38,"column":25},"end":{"line":38,"column":68}},"7":{"start":{"line":44,"column":27},"end":{"line":44,"column":55}},"8":{"start":{"line":52,"column":15},"end":{"line":70,"column":2}}},"fnMap":{"0":{"name":"(anonymous_0)","decl":{"start":{"line":14,"column":2},"end":{"line":14,"column":3}},"loc":{"start":{"line":14,"column":22},"end":{"line":16,"column":3}},"line":14},"1":{"name":"(anonymous_1)","decl":{"start":{"line":18,"column":26},"end":{"line":18,"column":27}},"loc":{"start":{"line":18,"column":32},"end":{"line":21,"column":3}},"line":18},"2":{"name":"(anonymous_2)","decl":{"start":{"line":20,"column":12},"end":{"line":20,"column":13}},"loc":{"start":{"line":20,"column":20},"end":{"line":20,"column":72}},"line":20},"3":{"name":"(anonymous_3)","decl":{"start":{"line":23,"column":2},"end":{"line":23,"column":3}},"loc":{"start":{"line":23,"column":11},"end":{"line":48,"column":5}},"line":23},"4":{"name":"(anonymous_4)","decl":{"start":{"line":38,"column":19},"end":{"line":38,"column":20}},"loc":{"start":{"line":38,"column":25},"end":{"line":38,"column":68}},"line":38},"5":{"name":"(anonymous_5)","decl":{"start":{"line":44,"column":21},"end":{"line":44,"column":22}},"loc":{"start":{"line":44,"column":27},"end":{"line":44,"column":55}},"line":44}},"branchMap":{},"s":{"0":0,"1":0,"2":0,"3":0,"4":0,"5":0,"6":0,"7":0,"8":1},"f":{"0":0,"1":0,"2":0,"3":0,"4":0,"5":0},"b":{},"_coverageSchema":"1a1c01bbd47fc00a2c39e90264f33305004495a9","hash":"babffa93391840c5323b614215f7aceca2aaed27"}
,"/Users/mandyalford/turing/mod4/projects/runbelievable-fe/components/User.js": {"path":"/Users/mandyalford/turing/mod4/projects/runbelievable-fe/components/User.js","statementMap":{"0":{"start":{"line":9,"column":2},"end":{"line":31,"column":3}},"1":{"start":{"line":10,"column":4},"end":{"line":10,"column":52}},"2":{"start":{"line":11,"column":6},"end":{"line":30,"column":7}},"3":{"start":{"line":26,"column":26},"end":{"line":28,"column":12}},"4":{"start":{"line":35,"column":15},"end":{"line":50,"column":2}}},"fnMap":{"0":{"name":"User","decl":{"start":{"line":8,"column":24},"end":{"line":8,"column":28}},"loc":{"start":{"line":8,"column":50},"end":{"line":32,"column":1}},"line":8},"1":{"name":"(anonymous_1)","decl":{"start":{"line":26,"column":19},"end":{"line":26,"column":20}},"loc":{"start":{"line":26,"column":25},"end":{"line":28,"column":13}},"line":26}},"branchMap":{"0":{"loc":{"start":{"line":9,"column":2},"end":{"line":31,"column":3}},"type":"if","locations":[{"start":{"line":9,"column":2},"end":{"line":31,"column":3}},{"start":{"line":9,"column":2},"end":{"line":31,"column":3}}],"line":9}},"s":{"0":0,"1":0,"2":0,"3":0,"4":1},"f":{"0":0,"1":0},"b":{"0":[0,0]},"_coverageSchema":"1a1c01bbd47fc00a2c39e90264f33305004495a9","hash":"d10b18fd62b040dc94eac4f890087212262e8726"}
}
