{"/Users/tanishadavey/Desktop/turing/mod-4/projects/runbelievable-fe/App.js": {"path":"/Users/tanishadavey/Desktop/turing/mod-4/projects/runbelievable-fe/App.js","statementMap":{"0":{"start":{"line":13,"column":21},"end":{"line":16,"column":2}},"1":{"start":{"line":18,"column":14},"end":{"line":18,"column":36}},"2":{"start":{"line":21,"column":2},"end":{"line":33,"column":4}}},"fnMap":{"0":{"name":"App","decl":{"start":{"line":20,"column":24},"end":{"line":20,"column":27}},"loc":{"start":{"line":20,"column":30},"end":{"line":34,"column":1}},"line":20}},"branchMap":{},"s":{"0":1,"1":1,"2":0},"f":{"0":0},"b":{},"_coverageSchema":"1a1c01bbd47fc00a2c39e90264f33305004495a9","hash":"25b4cdf284e7121195d7c43bdcd957f4c355030b"}
,"/Users/tanishadavey/Desktop/turing/mod-4/projects/runbelievable-fe/components/Buddies.js": {"path":"/Users/tanishadavey/Desktop/turing/mod-4/projects/runbelievable-fe/components/Buddies.js","statementMap":{"0":{"start":{"line":8,"column":2},"end":{"line":14,"column":4}},"1":{"start":{"line":18,"column":10},"end":{"line":20,"column":3}},"2":{"start":{"line":23,"column":4},"end":{"line":26,"column":41}},"3":{"start":{"line":24,"column":24},"end":{"line":24,"column":39}},"4":{"start":{"line":25,"column":27},"end":{"line":25,"column":75}},"5":{"start":{"line":26,"column":22},"end":{"line":26,"column":40}},"6":{"start":{"line":30,"column":4},"end":{"line":42,"column":5}},"7":{"start":{"line":35,"column":38},"end":{"line":38,"column":14}},"8":{"start":{"line":39,"column":36},"end":{"line":39,"column":56}},"9":{"start":{"line":47,"column":15},"end":{"line":72,"column":2}}},"fnMap":{"0":{"name":"Runner","decl":{"start":{"line":7,"column":9},"end":{"line":7,"column":15}},"loc":{"start":{"line":7,"column":43},"end":{"line":15,"column":1}},"line":7},"1":{"name":"(anonymous_1)","decl":{"start":{"line":22,"column":2},"end":{"line":22,"column":3}},"loc":{"start":{"line":22,"column":22},"end":{"line":27,"column":3}},"line":22},"2":{"name":"(anonymous_2)","decl":{"start":{"line":24,"column":12},"end":{"line":24,"column":13}},"loc":{"start":{"line":24,"column":24},"end":{"line":24,"column":39}},"line":24},"3":{"name":"(anonymous_3)","decl":{"start":{"line":25,"column":12},"end":{"line":25,"column":13}},"loc":{"start":{"line":25,"column":27},"end":{"line":25,"column":75}},"line":25},"4":{"name":"(anonymous_4)","decl":{"start":{"line":26,"column":13},"end":{"line":26,"column":14}},"loc":{"start":{"line":26,"column":22},"end":{"line":26,"column":40}},"line":26},"5":{"name":"(anonymous_5)","decl":{"start":{"line":29,"column":2},"end":{"line":29,"column":3}},"loc":{"start":{"line":29,"column":11},"end":{"line":43,"column":3}},"line":29},"6":{"name":"(anonymous_6)","decl":{"start":{"line":35,"column":24},"end":{"line":35,"column":25}},"loc":{"start":{"line":35,"column":38},"end":{"line":38,"column":14}},"line":35},"7":{"name":"(anonymous_7)","decl":{"start":{"line":39,"column":26},"end":{"line":39,"column":27}},"loc":{"start":{"line":39,"column":36},"end":{"line":39,"column":56}},"line":39}},"branchMap":{},"s":{"0":0,"1":0,"2":0,"3":0,"4":0,"5":0,"6":0,"7":0,"8":0,"9":1},"f":{"0":0,"1":0,"2":0,"3":0,"4":0,"5":0,"6":0,"7":0},"b":{},"_coverageSchema":"1a1c01bbd47fc00a2c39e90264f33305004495a9","hash":"5b8e761cd2c7c79af85b85a727555101b9905111"}
,"/Users/tanishadavey/Desktop/turing/mod-4/projects/runbelievable-fe/components/Chat.js": {"path":"/Users/tanishadavey/Desktop/turing/mod-4/projects/runbelievable-fe/components/Chat.js","statementMap":{"0":{"start":{"line":9,"column":10},"end":{"line":11,"column":3}},"1":{"start":{"line":14,"column":4},"end":{"line":20,"column":5}},"2":{"start":{"line":24,"column":15},"end":{"line":36,"column":2}}},"fnMap":{"0":{"name":"(anonymous_0)","decl":{"start":{"line":13,"column":2},"end":{"line":13,"column":3}},"loc":{"start":{"line":13,"column":11},"end":{"line":21,"column":3}},"line":13}},"branchMap":{},"s":{"0":0,"1":0,"2":1},"f":{"0":0},"b":{},"_coverageSchema":"1a1c01bbd47fc00a2c39e90264f33305004495a9","hash":"e38e0ceb1d43c473783a849d8703b282aceed3a8"}
,"/Users/tanishadavey/Desktop/turing/mod-4/projects/runbelievable-fe/components/CustomButton.js": {"path":"/Users/tanishadavey/Desktop/turing/mod-4/projects/runbelievable-fe/components/CustomButton.js","statementMap":{"0":{"start":{"line":4,"column":21},"end":{"line":14,"column":1}},"1":{"start":{"line":5,"column":2},"end":{"line":13,"column":3}},"2":{"start":{"line":16,"column":15},"end":{"line":28,"column":2}}},"fnMap":{"0":{"name":"(anonymous_0)","decl":{"start":{"line":4,"column":21},"end":{"line":4,"column":22}},"loc":{"start":{"line":4,"column":30},"end":{"line":14,"column":1}},"line":4}},"branchMap":{},"s":{"0":2,"1":1,"2":2},"f":{"0":1},"b":{},"_coverageSchema":"1a1c01bbd47fc00a2c39e90264f33305004495a9","hash":"0cd8861c46875535de6b5b1d193d2ac3e6655a1e"}
,"/Users/tanishadavey/Desktop/turing/mod-4/projects/runbelievable-fe/components/Header.js": {"path":"/Users/tanishadavey/Desktop/turing/mod-4/projects/runbelievable-fe/components/Header.js","statementMap":{"0":{"start":{"line":7,"column":2},"end":{"line":28,"column":4}},"1":{"start":{"line":13,"column":21},"end":{"line":13,"column":51}},"2":{"start":{"line":19,"column":21},"end":{"line":19,"column":48}},"3":{"start":{"line":25,"column":21},"end":{"line":25,"column":48}},"4":{"start":{"line":31,"column":15},"end":{"line":42,"column":2}}},"fnMap":{"0":{"name":"Header","decl":{"start":{"line":6,"column":24},"end":{"line":6,"column":30}},"loc":{"start":{"line":6,"column":45},"end":{"line":29,"column":1}},"line":6},"1":{"name":"(anonymous_1)","decl":{"start":{"line":13,"column":15},"end":{"line":13,"column":16}},"loc":{"start":{"line":13,"column":21},"end":{"line":13,"column":51}},"line":13},"2":{"name":"(anonymous_2)","decl":{"start":{"line":19,"column":15},"end":{"line":19,"column":16}},"loc":{"start":{"line":19,"column":21},"end":{"line":19,"column":48}},"line":19},"3":{"name":"(anonymous_3)","decl":{"start":{"line":25,"column":15},"end":{"line":25,"column":16}},"loc":{"start":{"line":25,"column":21},"end":{"line":25,"column":48}},"line":25}},"branchMap":{},"s":{"0":0,"1":0,"2":0,"3":0,"4":1},"f":{"0":0,"1":0,"2":0,"3":0},"b":{},"_coverageSchema":"1a1c01bbd47fc00a2c39e90264f33305004495a9","hash":"80ee487e26048d930fbfb7f943ac4975491ab09c"}
,"/Users/tanishadavey/Desktop/turing/mod-4/projects/runbelievable-fe/components/Homepage.js": {"path":"/Users/tanishadavey/Desktop/turing/mod-4/projects/runbelievable-fe/components/Homepage.js","statementMap":{"0":{"start":{"line":9,"column":2},"end":{"line":28,"column":3}},"1":{"start":{"line":18,"column":21},"end":{"line":18,"column":49}},"2":{"start":{"line":24,"column":23},"end":{"line":24,"column":52}},"3":{"start":{"line":31,"column":15},"end":{"line":51,"column":2}}},"fnMap":{"0":{"name":"Homepage","decl":{"start":{"line":8,"column":24},"end":{"line":8,"column":32}},"loc":{"start":{"line":8,"column":47},"end":{"line":29,"column":1}},"line":8},"1":{"name":"(anonymous_1)","decl":{"start":{"line":18,"column":15},"end":{"line":18,"column":16}},"loc":{"start":{"line":18,"column":21},"end":{"line":18,"column":49}},"line":18},"2":{"name":"(anonymous_2)","decl":{"start":{"line":24,"column":17},"end":{"line":24,"column":18}},"loc":{"start":{"line":24,"column":23},"end":{"line":24,"column":52}},"line":24}},"branchMap":{},"s":{"0":0,"1":0,"2":0,"3":1},"f":{"0":0,"1":0,"2":0},"b":{},"_coverageSchema":"1a1c01bbd47fc00a2c39e90264f33305004495a9","hash":"7358e076bc6960e3c6030314e4d9482d5fa9598a"}
,"/Users/tanishadavey/Desktop/turing/mod-4/projects/runbelievable-fe/components/Login.js": {"path":"/Users/tanishadavey/Desktop/turing/mod-4/projects/runbelievable-fe/components/Login.js","statementMap":{"0":{"start":{"line":8,"column":12},"end":{"line":11,"column":5}},"1":{"start":{"line":15,"column":4},"end":{"line":15,"column":27}},"2":{"start":{"line":16,"column":4},"end":{"line":16,"column":49}},"3":{"start":{"line":20,"column":4},"end":{"line":28,"column":41}},"4":{"start":{"line":22,"column":8},"end":{"line":26,"column":9}},"5":{"start":{"line":23,"column":10},"end":{"line":23,"column":48}},"6":{"start":{"line":25,"column":10},"end":{"line":25,"column":68}},"7":{"start":{"line":28,"column":22},"end":{"line":28,"column":40}},"8":{"start":{"line":33,"column":4},"end":{"line":33,"column":38}},"9":{"start":{"line":34,"column":4},"end":{"line":64,"column":5}},"10":{"start":{"line":44,"column":10},"end":{"line":44,"column":55}},"11":{"start":{"line":51,"column":10},"end":{"line":51,"column":55}},"12":{"start":{"line":61,"column":28},"end":{"line":61,"column":61}},"13":{"start":{"line":68,"column":15},"end":{"line":79,"column":2}}},"fnMap":{"0":{"name":"(anonymous_0)","decl":{"start":{"line":14,"column":2},"end":{"line":14,"column":3}},"loc":{"start":{"line":14,"column":30},"end":{"line":17,"column":3}},"line":14},"1":{"name":"(anonymous_1)","decl":{"start":{"line":19,"column":2},"end":{"line":19,"column":3}},"loc":{"start":{"line":19,"column":26},"end":{"line":29,"column":3}},"line":19},"2":{"name":"(anonymous_2)","decl":{"start":{"line":21,"column":12},"end":{"line":21,"column":13}},"loc":{"start":{"line":21,"column":24},"end":{"line":27,"column":7}},"line":21},"3":{"name":"(anonymous_3)","decl":{"start":{"line":28,"column":13},"end":{"line":28,"column":14}},"loc":{"start":{"line":28,"column":22},"end":{"line":28,"column":40}},"line":28},"4":{"name":"(anonymous_4)","decl":{"start":{"line":32,"column":2},"end":{"line":32,"column":3}},"loc":{"start":{"line":32,"column":11},"end":{"line":65,"column":3}},"line":32},"5":{"name":"(anonymous_5)","decl":{"start":{"line":43,"column":18},"end":{"line":43,"column":19}},"loc":{"start":{"line":43,"column":25},"end":{"line":45,"column":9}},"line":43},"6":{"name":"(anonymous_6)","decl":{"start":{"line":50,"column":18},"end":{"line":50,"column":19}},"loc":{"start":{"line":50,"column":25},"end":{"line":52,"column":9}},"line":50},"7":{"name":"(anonymous_7)","decl":{"start":{"line":61,"column":17},"end":{"line":61,"column":18}},"loc":{"start":{"line":61,"column":28},"end":{"line":61,"column":61}},"line":61}},"branchMap":{"0":{"loc":{"start":{"line":22,"column":8},"end":{"line":26,"column":9}},"type":"if","locations":[{"start":{"line":22,"column":8},"end":{"line":26,"column":9}},{"start":{"line":22,"column":8},"end":{"line":26,"column":9}}],"line":22}},"s":{"0":1,"1":0,"2":0,"3":0,"4":0,"5":0,"6":0,"7":0,"8":1,"9":1,"10":0,"11":0,"12":0,"13":2},"f":{"0":0,"1":0,"2":0,"3":0,"4":1,"5":0,"6":0,"7":0},"b":{"0":[0,0]},"_coverageSchema":"1a1c01bbd47fc00a2c39e90264f33305004495a9","hash":"380a1b06c145e2046f9dcacb580126d5df81481f"}
,"/Users/tanishadavey/Desktop/turing/mod-4/projects/runbelievable-fe/components/SearchButton.js": {"path":"/Users/tanishadavey/Desktop/turing/mod-4/projects/runbelievable-fe/components/SearchButton.js","statementMap":{"0":{"start":{"line":4,"column":21},"end":{"line":14,"column":1}},"1":{"start":{"line":5,"column":2},"end":{"line":13,"column":3}},"2":{"start":{"line":16,"column":15},"end":{"line":31,"column":2}}},"fnMap":{"0":{"name":"(anonymous_0)","decl":{"start":{"line":4,"column":21},"end":{"line":4,"column":22}},"loc":{"start":{"line":4,"column":30},"end":{"line":14,"column":1}},"line":4}},"branchMap":{},"s":{"0":1,"1":0,"2":1},"f":{"0":0},"b":{},"_coverageSchema":"1a1c01bbd47fc00a2c39e90264f33305004495a9","hash":"2f940c0f42924d2eef74ca58c4139e8909bcc8d0"}
,"/Users/tanishadavey/Desktop/turing/mod-4/projects/runbelievable-fe/components/Signup.js": {"path":"/Users/tanishadavey/Desktop/turing/mod-4/projects/runbelievable-fe/components/Signup.js","statementMap":{"0":{"start":{"line":8,"column":12},"end":{"line":18,"column":5}},"1":{"start":{"line":21,"column":4},"end":{"line":29,"column":41}},"2":{"start":{"line":28,"column":24},"end":{"line":28,"column":52}},"3":{"start":{"line":29,"column":22},"end":{"line":29,"column":40}},"4":{"start":{"line":31,"column":4},"end":{"line":31,"column":42}},"5":{"start":{"line":35,"column":4},"end":{"line":129,"column":5}},"6":{"start":{"line":47,"column":28},"end":{"line":47,"column":75}},"7":{"start":{"line":56,"column":28},"end":{"line":56,"column":74}},"8":{"start":{"line":65,"column":28},"end":{"line":65,"column":68}},"9":{"start":{"line":74,"column":28},"end":{"line":74,"column":71}},"10":{"start":{"line":83,"column":28},"end":{"line":83,"column":81}},"11":{"start":{"line":92,"column":28},"end":{"line":92,"column":84}},"12":{"start":{"line":101,"column":28},"end":{"line":101,"column":73}},"13":{"start":{"line":110,"column":28},"end":{"line":110,"column":73}},"14":{"start":{"line":119,"column":28},"end":{"line":119,"column":73}},"15":{"start":{"line":126,"column":30},"end":{"line":126,"column":63}},"16":{"start":{"line":133,"column":15},"end":{"line":149,"column":2}}},"fnMap":{"0":{"name":"(anonymous_0)","decl":{"start":{"line":20,"column":2},"end":{"line":20,"column":3}},"loc":{"start":{"line":20,"column":30},"end":{"line":32,"column":3}},"line":20},"1":{"name":"(anonymous_1)","decl":{"start":{"line":28,"column":12},"end":{"line":28,"column":13}},"loc":{"start":{"line":28,"column":24},"end":{"line":28,"column":52}},"line":28},"2":{"name":"(anonymous_2)","decl":{"start":{"line":29,"column":13},"end":{"line":29,"column":14}},"loc":{"start":{"line":29,"column":22},"end":{"line":29,"column":40}},"line":29},"3":{"name":"(anonymous_3)","decl":{"start":{"line":34,"column":2},"end":{"line":34,"column":3}},"loc":{"start":{"line":34,"column":11},"end":{"line":130,"column":3}},"line":34},"4":{"name":"(anonymous_4)","decl":{"start":{"line":47,"column":20},"end":{"line":47,"column":21}},"loc":{"start":{"line":47,"column":27},"end":{"line":48,"column":9}},"line":47},"5":{"name":"(anonymous_5)","decl":{"start":{"line":56,"column":20},"end":{"line":56,"column":21}},"loc":{"start":{"line":56,"column":27},"end":{"line":57,"column":9}},"line":56},"6":{"name":"(anonymous_6)","decl":{"start":{"line":65,"column":20},"end":{"line":65,"column":21}},"loc":{"start":{"line":65,"column":27},"end":{"line":66,"column":9}},"line":65},"7":{"name":"(anonymous_7)","decl":{"start":{"line":74,"column":20},"end":{"line":74,"column":21}},"loc":{"start":{"line":74,"column":27},"end":{"line":75,"column":9}},"line":74},"8":{"name":"(anonymous_8)","decl":{"start":{"line":83,"column":20},"end":{"line":83,"column":21}},"loc":{"start":{"line":83,"column":27},"end":{"line":84,"column":9}},"line":83},"9":{"name":"(anonymous_9)","decl":{"start":{"line":92,"column":20},"end":{"line":92,"column":21}},"loc":{"start":{"line":92,"column":27},"end":{"line":93,"column":9}},"line":92},"10":{"name":"(anonymous_10)","decl":{"start":{"line":101,"column":20},"end":{"line":101,"column":21}},"loc":{"start":{"line":101,"column":27},"end":{"line":102,"column":9}},"line":101},"11":{"name":"(anonymous_11)","decl":{"start":{"line":110,"column":20},"end":{"line":110,"column":21}},"loc":{"start":{"line":110,"column":27},"end":{"line":111,"column":9}},"line":110},"12":{"name":"(anonymous_12)","decl":{"start":{"line":119,"column":20},"end":{"line":119,"column":21}},"loc":{"start":{"line":119,"column":27},"end":{"line":120,"column":9}},"line":119},"13":{"name":"(anonymous_13)","decl":{"start":{"line":126,"column":19},"end":{"line":126,"column":20}},"loc":{"start":{"line":126,"column":30},"end":{"line":126,"column":63}},"line":126}},"branchMap":{},"s":{"0":0,"1":0,"2":0,"3":0,"4":0,"5":0,"6":0,"7":0,"8":0,"9":0,"10":0,"11":0,"12":0,"13":0,"14":0,"15":0,"16":1},"f":{"0":0,"1":0,"2":0,"3":0,"4":0,"5":0,"6":0,"7":0,"8":0,"9":0,"10":0,"11":0,"12":0,"13":0},"b":{},"_coverageSchema":"1a1c01bbd47fc00a2c39e90264f33305004495a9","hash":"7133133ff036b4b8a250b9b078f88c8cf6df2c2c"}
,"/Users/tanishadavey/Desktop/turing/mod-4/projects/runbelievable-fe/components/User.js": {"path":"/Users/tanishadavey/Desktop/turing/mod-4/projects/runbelievable-fe/components/User.js","statementMap":{"0":{"start":{"line":8,"column":2},"end":{"line":16,"column":3}},"1":{"start":{"line":19,"column":15},"end":{"line":26,"column":2}}},"fnMap":{"0":{"name":"User","decl":{"start":{"line":7,"column":24},"end":{"line":7,"column":28}},"loc":{"start":{"line":7,"column":43},"end":{"line":17,"column":1}},"line":7}},"branchMap":{},"s":{"0":0,"1":1},"f":{"0":0},"b":{},"_coverageSchema":"1a1c01bbd47fc00a2c39e90264f33305004495a9","hash":"09f3947dc15b3317f75b48e9291afd49e109c5f6"}
}
