TN:
SF:App.js
FN:22,App
FNF:1
FNH:0
FNDA:0,App
DA:15,1
DA:20,1
DA:23,0
LF:3
LH:2
BRF:0
BRH:0
end_of_record
TN:
SF:apiCalls.js
FN:1,(anonymous_0)
FN:3,(anonymous_1)
FN:6,(anonymous_2)
FN:18,(anonymous_3)
FN:20,(anonymous_4)
FN:23,(anonymous_5)
FN:25,(anonymous_6)
FNF:7
FNH:0
FNDA:0,(anonymous_0)
FNDA:0,(anonymous_1)
FNDA:0,(anonymous_2)
FNDA:0,(anonymous_3)
FNDA:0,(anonymous_4)
FNDA:0,(anonymous_5)
FNDA:0,(anonymous_6)
DA:1,3
DA:2,0
DA:3,0
DA:6,3
DA:7,0
DA:18,3
DA:19,0
DA:20,0
DA:23,3
DA:24,0
DA:25,0
LF:11
LH:4
BRF:0
BRH:0
end_of_record
TN:
SF:components/Buddies.js
FN:8,Runner
FN:12,(anonymous_1)
FN:30,(anonymous_2)
FN:32,(anonymous_3)
FN:33,(anonymous_4)
FN:34,(anonymous_5)
FN:37,(anonymous_6)
FN:41,(anonymous_7)
FN:49,(anonymous_8)
FN:59,(anonymous_9)
FNF:10
FNH:0
FNDA:0,Runner
FNDA:0,(anonymous_1)
FNDA:0,(anonymous_2)
FNDA:0,(anonymous_3)
FNDA:0,(anonymous_4)
FNDA:0,(anonymous_5)
FNDA:0,(anonymous_6)
FNDA:0,(anonymous_7)
FNDA:0,(anonymous_8)
FNDA:0,(anonymous_9)
DA:9,0
DA:10,0
DA:11,0
DA:12,0
DA:26,0
DA:31,0
DA:32,0
DA:33,0
DA:34,0
DA:37,0
DA:38,0
DA:42,0
DA:50,0
DA:59,0
DA:67,1
LF:15
LH:1
BRF:0
BRH:0
end_of_record
TN:
SF:components/Buddy.js
FN:8,Buddy
FN:23,(anonymous_1)
FNF:2
FNH:1
FNDA:1,Buddy
FNDA:0,(anonymous_1)
DA:9,1
DA:10,1
DA:11,1
DA:23,0
DA:31,2
LF:5
LH:4
BRF:0
BRH:0
end_of_record
TN:
SF:components/Chat.js
FN:9,Message
FN:24,(anonymous_1)
FN:26,(anonymous_2)
FN:28,(anonymous_3)
FN:28,(anonymous_4)
FN:39,(anonymous_5)
FN:43,(anonymous_6)
FN:57,(anonymous_7)
FN:58,(anonymous_8)
FN:69,(anonymous_9)
FN:81,(anonymous_10)
FN:85,(anonymous_11)
FNF:12
FNH:0
FNDA:0,Message
FNDA:0,(anonymous_1)
FNDA:0,(anonymous_2)
FNDA:0,(anonymous_3)
FNDA:0,(anonymous_4)
FNDA:0,(anonymous_5)
FNDA:0,(anonymous_6)
FNDA:0,(anonymous_7)
FNDA:0,(anonymous_8)
FNDA:0,(anonymous_9)
FNDA:0,(anonymous_10)
FNDA:0,(anonymous_11)
DA:10,0
DA:19,0
DA:25,0
DA:26,0
DA:28,0
DA:29,0
DA:39,0
DA:44,0
DA:45,0
DA:57,0
DA:58,0
DA:70,0
DA:73,0
DA:82,0
DA:85,0
DA:160,1
DA:162,1
LF:17
LH:2
BRDA:43,0,0,0
BRF:1
BRH:0
end_of_record
TN:
SF:components/CustomButton.js
FN:4,(anonymous_0)
FNF:1
FNH:1
FNDA:1,(anonymous_0)
DA:4,2
DA:5,1
DA:16,2
LF:3
LH:3
BRF:0
BRH:0
end_of_record
TN:
SF:components/Header.js
FN:6,Header
FN:14,(anonymous_1)
FN:22,(anonymous_2)
FN:30,(anonymous_3)
FNF:4
FNH:0
FNDA:0,Header
FNDA:0,(anonymous_1)
FNDA:0,(anonymous_2)
FNDA:0,(anonymous_3)
DA:7,0
DA:8,0
DA:14,0
DA:22,0
DA:30,0
DA:38,2
LF:6
LH:1
BRF:0
BRH:0
end_of_record
TN:
SF:components/Homepage.js
FN:8,Homepage
FN:17,(anonymous_1)
FN:23,(anonymous_2)
FNF:3
FNH:0
FNDA:0,Homepage
FNDA:0,(anonymous_1)
FNDA:0,(anonymous_2)
DA:9,0
DA:17,0
DA:23,0
DA:30,1
LF:4
LH:1
BRF:0
BRH:0
end_of_record
TN:
SF:components/Login.js
FN:16,(anonymous_0)
FN:25,(anonymous_1)
FN:27,(anonymous_2)
FN:29,(anonymous_3)
FN:29,(anonymous_4)
FN:39,(anonymous_5)
FN:43,(anonymous_6)
FN:53,(anonymous_7)
FN:61,(anonymous_8)
FN:72,(anonymous_9)
FNF:10
FNH:1
FNDA:0,(anonymous_0)
FNDA:0,(anonymous_1)
FNDA:0,(anonymous_2)
FNDA:0,(anonymous_3)
FNDA:0,(anonymous_4)
FNDA:0,(anonymous_5)
FNDA:1,(anonymous_6)
FNDA:0,(anonymous_7)
FNDA:0,(anonymous_8)
FNDA:0,(anonymous_9)
DA:9,1
DA:17,0
DA:18,0
DA:20,0
DA:21,0
DA:26,0
DA:28,0
DA:29,0
DA:30,0
DA:31,0
DA:36,0
DA:39,0
DA:45,1
DA:54,0
DA:62,0
DA:72,0
DA:76,1
DA:77,0
DA:84,1
DA:93,2
LF:20
LH:5
BRDA:17,0,0,0
BRDA:17,0,1,0
BRDA:17,1,0,0
BRDA:17,1,1,0
BRDA:28,2,0,0
BRDA:28,2,1,0
BRDA:76,3,0,0
BRDA:76,3,1,1
BRF:8
BRH:1
end_of_record
TN:
SF:components/SearchButton.js
FN:4,(anonymous_0)
FNF:1
FNH:0
FNDA:0,(anonymous_0)
DA:4,1
DA:5,0
DA:16,1
LF:3
LH:2
BRF:0
BRH:0
end_of_record
TN:
SF:components/Signup.js
FN:20,(anonymous_0)
FN:28,(anonymous_1)
FN:29,(anonymous_2)
FN:34,(anonymous_3)
FN:47,(anonymous_4)
FN:56,(anonymous_5)
FN:65,(anonymous_6)
FN:74,(anonymous_7)
FN:83,(anonymous_8)
FN:92,(anonymous_9)
FN:101,(anonymous_10)
FN:110,(anonymous_11)
FN:119,(anonymous_12)
FN:126,(anonymous_13)
FNF:14
FNH:0
FNDA:0,(anonymous_0)
FNDA:0,(anonymous_1)
FNDA:0,(anonymous_2)
FNDA:0,(anonymous_3)
FNDA:0,(anonymous_4)
FNDA:0,(anonymous_5)
FNDA:0,(anonymous_6)
FNDA:0,(anonymous_7)
FNDA:0,(anonymous_8)
FNDA:0,(anonymous_9)
FNDA:0,(anonymous_10)
FNDA:0,(anonymous_11)
FNDA:0,(anonymous_12)
FNDA:0,(anonymous_13)
DA:8,0
DA:21,0
DA:28,0
DA:29,0
DA:31,0
DA:35,0
DA:47,0
DA:56,0
DA:65,0
DA:74,0
DA:83,0
DA:92,0
DA:101,0
DA:110,0
DA:119,0
DA:126,0
DA:133,1
LF:17
LH:1
BRF:0
BRH:0
end_of_record
TN:
SF:components/Trail.js
FN:14,(anonymous_0)
FN:18,(anonymous_1)
FN:20,(anonymous_2)
FN:23,(anonymous_3)
FN:38,(anonymous_4)
FN:44,(anonymous_5)
FNF:6
FNH:0
FNDA:0,(anonymous_0)
FNDA:0,(anonymous_1)
FNDA:0,(anonymous_2)
FNDA:0,(anonymous_3)
FNDA:0,(anonymous_4)
FNDA:0,(anonymous_5)
DA:10,0
DA:15,0
DA:18,0
DA:19,0
DA:20,0
DA:24,0
DA:38,0
DA:44,0
DA:52,1
LF:9
LH:1
BRF:0
BRH:0
end_of_record
TN:
SF:components/User.js
FN:8,User
FN:23,(anonymous_1)
FNF:2
FNH:0
FNDA:0,User
FNDA:0,(anonymous_1)
DA:9,0
DA:10,0
DA:11,0
DA:23,0
DA:32,1
LF:5
LH:1
BRDA:9,0,0,0
BRDA:9,0,1,0
BRF:2
BRH:0
end_of_record
